3 3 100 1.03000 7.00000 0 (num_bfs, ?, num_points, h, rf, ?)
 0.00000000E+00 1.13429165E+00 9.99661054E-01 0.00000000E+00
 1.18920434E-02 8.98929847E-01 9.97528990E-01 1.35695114E-02
 2.41408480E-02 7.55495359E-01 9.95184601E-01 2.71949524E-02
 3.67571168E-02 6.51289222E-01 9.92621632E-01 4.08711690E-02
 4.97518736E-02 5.67858172E-01 9.89834013E-01 5.45929592E-02
 6.31364732E-02 4.98162479E-01 9.86815892E-01 6.83550745E-02
 7.69226108E-02 4.38937888E-01 9.83561658E-01 8.21522202E-02
 9.11223324E-02 3.88224443E-01 9.80065975E-01 9.59790533E-02
 1.05748046E-01 3.44587174E-01 9.76323804E-01 1.09830179E-01
 1.20812530E-01 3.06869798E-01 9.72330437E-01 1.23700146E-01
 1.36328950E-01 2.74110042E-01 9.68081522E-01 1.37583435E-01
 1.52310862E-01 2.45502442E-01 9.63573091E-01 1.51474451E-01
 1.68772231E-01 2.20375073E-01 9.58801588E-01 1.65367511E-01
 1.85727441E-01 1.98170854E-01 9.53763892E-01 1.79256825E-01
 2.03191308E-01 1.78431027E-01 9.48457345E-01 1.93136479E-01
 2.21179090E-01 1.60780230E-01 9.42879770E-01 2.07000416E-01
 2.39706506E-01 1.44913087E-01 9.37029499E-01 2.20842413E-01
 2.58789745E-01 1.30582289E-01 9.30905387E-01 2.34656053E-01
 2.78445480E-01 1.17588133E-01 9.24506830E-01 2.48434698E-01
 2.98690888E-01 1.05769475E-01 9.17833783E-01 2.62171465E-01
 3.19543658E-01 9.49960050E-02 9.10886768E-01 2.75859187E-01
 3.41022011E-01 8.51617479E-02 9.03666885E-01 2.89490389E-01
 3.63144715E-01 7.61796842E-02 8.96175822E-01 3.03057252E-01
 3.85931100E-01 6.79773545E-02 8.88415852E-01 3.16551581E-01
 4.09401076E-01 6.04933354E-02 8.80389838E-01 3.29964773E-01
 4.33575152E-01 5.36744608E-02 8.72101230E-01 3.43287789E-01
 4.58474450E-01 4.74736757E-02 8.63554056E-01 3.56511122E-01
 4.84120727E-01 4.18484129E-02 8.54752916E-01 3.69624774E-01
 5.10536392E-01 3.67593997E-02 8.45702965E-01 3.82618230E-01
 5.37744527E-01 3.21698062E-02 8.36409904E-01 3.95480443E-01
 5.65768906E-01 2.80446634E-02 8.26879954E-01 4.08199818E-01
 5.94634017E-01 2.43504876E-02 8.17119837E-01 4.20764203E-01
 6.24365080E-01 2.10550594E-02 8.07136753E-01 4.33160891E-01
 6.54988076E-01 1.81273146E-02 7.96938351E-01 4.45376621E-01
 6.86529762E-01 1.55373127E-02 7.86532703E-01 4.57397598E-01
 7.19017698E-01 1.32562571E-02 7.75928268E-01 4.69209504E-01
 7.52480272E-01 1.12565448E-02 7.65133863E-01 4.80797539E-01
 7.86946724E-01 9.51183183E-03 7.54158630E-01 4.92146453E-01
 8.22447169E-01 7.99710139E-03 7.43011997E-01 5.03240596E-01
 8.59012627E-01 6.68872737E-03 7.31703648E-01 5.14063974E-01
 8.96675049E-01 5.56452745E-03 7.20243482E-01 5.24600320E-01
 9.35467344E-01 4.60380209E-03 7.08641584E-01 5.34833160E-01
 9.75423408E-01 3.78735751E-03 6.96908185E-01 5.44745906E-01
 1.01657815E+00 3.09751171E-03 6.85053629E-01 5.54321937E-01
 1.05896754E+00 2.51808371E-03 6.73088341E-01 5.63544703E-01
 1.10262861E+00 2.03436670E-03 6.61022797E-01 5.72397820E-01
 1.14759951E+00 1.63308645E-03 6.48867491E-01 5.80865184E-01
 1.19391954E+00 1.30234656E-03 6.36632908E-01 5.88931075E-01
 1.24162917E+00 1.03156241E-03 6.24329497E-01 5.96580271E-01
 1.29077009E+00 8.11386054E-04 6.11967646E-01 6.03798156E-01
 1.34138524E+00 6.33623884E-04 5.99557663E-01 6.10570833E-01
 1.39351884E+00 4.91149452E-04 5.87109750E-01 6.16885224E-01
 1.44721644E+00 3.77813312E-04 5.74633989E-01 6.22729179E-01
 1.50252498E+00 2.88351860E-04 5.62140319E-01 6.28091562E-01
 1.55949277E+00 2.18296928E-04 5.49638530E-01 6.32962342E-01
 1.61816960E+00 1.63887654E-04 5.37138241E-01 6.37332669E-01
 1.67860673E+00 1.21985949E-04 5.24648892E-01 6.41194936E-01
 1.74085698E+00 8.99966386E-05 5.12179732E-01 6.44542837E-01
 1.80497473E+00 6.57930867E-05 4.99739809E-01 6.47371402E-01
 1.87101602E+00 4.76488973E-05 4.87337965E-01 6.49677028E-01
 1.93903854E+00 3.41760310E-05 4.74982823E-01 6.51457486E-01
 2.00910174E+00 2.42694793E-05 4.62682782E-01 6.52711919E-01
 2.08126683E+00 1.70584457E-05 4.50446013E-01 6.53440821E-01
 2.15559688E+00 1.18638276E-05 4.38280453E-01 6.53646008E-01
 2.23215683E+00 8.16166484E-06 4.26193796E-01 6.53330564E-01
 2.31101358E+00 5.55212588E-06 4.14193494E-01 6.52498781E-01
 2.39223603E+00 3.73353535E-06 4.02286752E-01 6.51156085E-01
 2.47589516E+00 2.48091029E-06 3.90480523E-01 6.49308945E-01
 2.56206405E+00 1.62845806E-06 3.78781509E-01 6.46964776E-01
 2.65081802E+00 1.05549714E-06 3.67196160E-01 6.44131832E-01
 2.74223460E+00 6.75286328E-07 3.55730671E-01 6.40819092E-01
 2.83639368E+00 4.26284735E-07 3.44390987E-01 6.37036140E-01
 2.93337754E+00 2.65410414E-07 3.33182805E-01 6.32793040E-01
 3.03327091E+00 1.62915604E-07 3.22111575E-01 6.28100215E-01
 3.13616108E+00 9.85482118E-08 3.11182507E-01 6.22968325E-01
 3.24213795E+00 5.87199120E-08 3.00400579E-01 6.17408146E-01
 3.35129414E+00 3.44489622E-08 2.89770543E-01 6.11430461E-01
 3.46372500E+00 1.98892594E-08 2.79296932E-01 6.05045958E-01
 3.57952880E+00 1.12954713E-08 2.68984076E-01 5.98265140E-01
 3.69880670E+00 6.30693958E-09 2.58836107E-01 5.91098248E-01
 3.82166295E+00 3.46051245E-09 2.48856974E-01 5.83555201E-01
 3.94820488E+00 1.86484102E-09 2.39050457E-01 5.75645559E-01
 4.07854307E+00 9.86479927E-10 2.29420175E-01 5.67378497E-01
 4.21279140E+00 5.11962422E-10 2.19969605E-01 5.58762810E-01
 4.35106719E+00 2.60520806E-10 2.10702087E-01 5.49806936E-01
 4.49349125E+00 1.29910684E-10 2.01620841E-01 5.40519003E-01
 4.64018803E+00 6.34426626E-11 1.92728976E-01 5.30906899E-01
 4.79128571E+00 3.03235490E-11 1.84029496E-01 5.20978369E-01
 4.94691633E+00 1.41762255E-11 1.75525310E-01 5.10741124E-01
 5.10721586E+00 6.47790564E-12 1.67219235E-01 5.00202982E-01
 5.27232438E+00 2.89137779E-12 1.59113997E-01 4.89372013E-01
 5.44238616E+00 1.25969432E-12 1.51212231E-01 4.78256714E-01
 5.61754978E+00 5.35303781E-13 1.43516478E-01 4.66866178E-01
 5.79796832E+00 2.21710114E-13 1.36029175E-01 4.55210282E-01
 5.98379941E+00 8.94306229E-14 1.28752647E-01 4.43299871E-01
 6.17520544E+00 3.51041150E-14 1.21689091E-01 4.31146939E-01
 6.37235365E+00 1.33981845E-14 1.14840560E-01 4.18764806E-01
 6.57541630E+00 4.96803352E-15 1.08208943E-01 4.06168276E-01
 6.78457083E+00 1.78812238E-15 1.01795943E-01 3.93373776E-01
 7.00000000E+00 6.24160585E-16 9.56030481E-02 3.80399480E-01
